<beans xmlns="http://www.springframework.org/schema/beans"
	xmlns:xsi="http://www.w3.org/2001/XMLSchema-instance"
	xsi:schemaLocation="
http://www.springframework.org/schema/beans
http://www.springframework.org/schema/beans/spring-beans-3.0.xsd
http://camel.apache.org/schema/spring
http://camel.apache.org/schema/spring/camel-spring.xsd">

	<camelContext xmlns="http://camel.apache.org/schema/spring">
		<route>
			<from uri="direct:foo" />
			<to uri="activemq:bar" />
		</route>
	</camelContext>
	
	<!-- queue -->
	<bean id="activemq1" class="org.apache.activemq.camel.component.ActiveMQComponent">
		<property name="brokerURL" value="vm://localhost?brokerConfig=xbean:META-INF/activemq/broker1.xml"/>
	</bean>
	
	<bean id="activemq2" class="org.apache.activemq.camel.component.ActiveMQComponent">
		<property name="brokerURL" value="vm://localhost?brokerConfig=xbean:META-INF/activemq/broker2.xml"/>
	</bean>
</beans>
